Copyright 1986-2016 Xilinx, Inc. All Rights Reserved.
-------------------------------------------------------------------------------------------------
| Tool Version : Vivado v.2016.4 (lin64) Build 1733598 Wed Dec 14 22:35:42 MST 2016
| Date         : Thu Jan 12 12:58:07 2017
| Host         : cpu06 running 64-bit CentOS Linux release 7.2.1511 (Core)
| Command      : report_utilization -file Top_utilization_synth.rpt -pb Top_utilization_synth.pb
| Design       : Top
| Device       : 7k160tfbg676-3
| Design State : Synthesized
-------------------------------------------------------------------------------------------------

Utilization Design Information

Table of Contents
-----------------
1. Slice Logic
1.1 Summary of Registers by Type
2. Memory
3. DSP
4. IO and GT Specific
5. Clocking
6. Specific Feature
7. Primitives
8. Black Boxes
9. Instantiated Netlists

1. Slice Logic
--------------

+-------------------------+------+-------+-----------+-------+
|        Site Type        | Used | Fixed | Available | Util% |
+-------------------------+------+-------+-----------+-------+
| Slice LUTs*             | 9780 |     0 |    101400 |  9.64 |
|   LUT as Logic          | 9780 |     0 |    101400 |  9.64 |
|   LUT as Memory         |    0 |     0 |     35000 |  0.00 |
| Slice Registers         | 2798 |     0 |    202800 |  1.38 |
|   Register as Flip Flop | 2798 |     0 |    202800 |  1.38 |
|   Register as Latch     |    0 |     0 |    202800 |  0.00 |
| F7 Muxes                |  416 |     0 |     50700 |  0.82 |
| F8 Muxes                |  162 |     0 |     25350 |  0.64 |
+-------------------------+------+-------+-----------+-------+
* Warning! The Final LUT count, after physical optimizations and full implementation, is typically lower. Run opt_design after synthesis, if not already completed, for a more realistic count.


1.1 Summary of Registers by Type
--------------------------------

+-------+--------------+-------------+--------------+
| Total | Clock Enable | Synchronous | Asynchronous |
+-------+--------------+-------------+--------------+
| 0     |            _ |           - |            - |
| 0     |            _ |           - |          Set |
| 0     |            _ |           - |        Reset |
| 0     |            _ |         Set |            - |
| 0     |            _ |       Reset |            - |
| 0     |          Yes |           - |            - |
| 1     |          Yes |           - |          Set |
| 89    |          Yes |           - |        Reset |
| 269   |          Yes |         Set |            - |
| 2439  |          Yes |       Reset |            - |
+-------+--------------+-------------+--------------+


2. Memory
---------

+-------------------+------+-------+-----------+-------+
|     Site Type     | Used | Fixed | Available | Util% |
+-------------------+------+-------+-----------+-------+
| Block RAM Tile    |  192 |     0 |       325 | 59.08 |
|   RAMB36/FIFO*    |  192 |     0 |       325 | 59.08 |
|     RAMB36E1 only |  192 |       |           |       |
|   RAMB18          |    0 |     0 |       650 |  0.00 |
+-------------------+------+-------+-----------+-------+
* Note: Each Block RAM Tile only has one FIFO logic available and therefore can accommodate only one FIFO36E1 or one FIFO18E1. However, if a FIFO18E1 occupies a Block RAM Tile, that tile can still accommodate a RAMB18E1


3. DSP
------

+----------------+------+-------+-----------+-------+
|    Site Type   | Used | Fixed | Available | Util% |
+----------------+------+-------+-----------+-------+
| DSPs           |    1 |     0 |       600 |  0.17 |
|   DSP48E1 only |    1 |       |           |       |
+----------------+------+-------+-----------+-------+


4. IO and GT Specific
---------------------

+-----------------------------+------+-------+-----------+-------+
|          Site Type          | Used | Fixed | Available | Util% |
+-----------------------------+------+-------+-----------+-------+
| Bonded IOB                  |   41 |     0 |       400 | 10.25 |
| Bonded IPADs                |    0 |     0 |        26 |  0.00 |
| Bonded OPADs                |    0 |     0 |        16 |  0.00 |
| PHY_CONTROL                 |    0 |     0 |         8 |  0.00 |
| PHASER_REF                  |    0 |     0 |         8 |  0.00 |
| OUT_FIFO                    |    0 |     0 |        32 |  0.00 |
| IN_FIFO                     |    0 |     0 |        32 |  0.00 |
| IDELAYCTRL                  |    0 |     0 |         8 |  0.00 |
| IBUFDS                      |    0 |     0 |       384 |  0.00 |
| GTXE2_COMMON                |    0 |     0 |         2 |  0.00 |
| GTXE2_CHANNEL               |    0 |     0 |         8 |  0.00 |
| PHASER_OUT/PHASER_OUT_PHY   |    0 |     0 |        32 |  0.00 |
| PHASER_IN/PHASER_IN_PHY     |    0 |     0 |        32 |  0.00 |
| IDELAYE2/IDELAYE2_FINEDELAY |    0 |     0 |       400 |  0.00 |
| ODELAYE2/ODELAYE2_FINEDELAY |    0 |     0 |       150 |  0.00 |
| IBUFDS_GTE2                 |    0 |     0 |         4 |  0.00 |
| ILOGIC                      |    0 |     0 |       400 |  0.00 |
| OLOGIC                      |    0 |     0 |       400 |  0.00 |
+-----------------------------+------+-------+-----------+-------+


5. Clocking
-----------

+------------+------+-------+-----------+-------+
|  Site Type | Used | Fixed | Available | Util% |
+------------+------+-------+-----------+-------+
| BUFGCTRL   |    3 |     0 |        32 |  9.38 |
| BUFIO      |    0 |     0 |        32 |  0.00 |
| MMCME2_ADV |    0 |     0 |         8 |  0.00 |
| PLLE2_ADV  |    0 |     0 |         8 |  0.00 |
| BUFMRCE    |    0 |     0 |        16 |  0.00 |
| BUFHCE     |    0 |     0 |       120 |  0.00 |
| BUFR       |    0 |     0 |        32 |  0.00 |
+------------+------+-------+-----------+-------+


6. Specific Feature
-------------------

+-------------+------+-------+-----------+-------+
|  Site Type  | Used | Fixed | Available | Util% |
+-------------+------+-------+-----------+-------+
| BSCANE2     |    0 |     0 |         4 |  0.00 |
| CAPTUREE2   |    0 |     0 |         1 |  0.00 |
| DNA_PORT    |    0 |     0 |         1 |  0.00 |
| EFUSE_USR   |    0 |     0 |         1 |  0.00 |
| FRAME_ECCE2 |    0 |     0 |         1 |  0.00 |
| ICAPE2      |    0 |     0 |         2 |  0.00 |
| PCIE_2_1    |    0 |     0 |         1 |  0.00 |
| STARTUPE2   |    0 |     0 |         1 |  0.00 |
| XADC        |    0 |     0 |         1 |  0.00 |
+-------------+------+-------+-----------+-------+


7. Primitives
-------------

+----------+------+---------------------+
| Ref Name | Used | Functional Category |
+----------+------+---------------------+
| LUT6     | 6182 |                 LUT |
| FDRE     | 2439 |        Flop & Latch |
| LUT5     | 1545 |                 LUT |
| LUT4     | 1303 |                 LUT |
| LUT2     |  884 |                 LUT |
| LUT3     |  727 |                 LUT |
| LUT1     |  457 |                 LUT |
| MUXF7    |  416 |               MuxFx |
| FDSE     |  269 |        Flop & Latch |
| CARRY4   |  266 |          CarryLogic |
| RAMB36E1 |  192 |        Block Memory |
| MUXF8    |  162 |               MuxFx |
| FDCE     |   89 |        Flop & Latch |
| OBUF     |   35 |                  IO |
| IBUF     |    6 |                  IO |
| BUFG     |    3 |               Clock |
| FDPE     |    1 |        Flop & Latch |
| DSP48E1  |    1 |    Block Arithmetic |
+----------+------+---------------------+


8. Black Boxes
--------------

+---------------+------+
|    Ref Name   | Used |
+---------------+------+
| blk_mem_gen_0 |    1 |
+---------------+------+


9. Instantiated Netlists
------------------------

+----------+------+
| Ref Name | Used |
+----------+------+


